<?xml version="1.0" encoding="UTF-8"?>
<!-- Generated by org.testng.reporters.JUnitReportReporter -->
<testsuite skipped="0" hostname="SCTL-BA-I3-16" name="com.KENCentral.qa.testcases.UserPageTest" tests="2" failures="0" timestamp="13 Feb 2019 06:59:03 GMT" time="143.208" errors="0">
  <testcase name="getcurrentUserPageUrl" time="19.323" classname="com.KENCentral.qa.testcases.UserPageTest"/>
  <testcase name="clickonaddUser" time="123.885" classname="com.KENCentral.qa.testcases.UserPageTest"/>
</testsuite> <!-- com.KENCentral.qa.testcases.UserPageTest -->
