<?xml version="1.0" encoding="UTF-8"?>
<!-- Generated by org.testng.reporters.JUnitReportReporter -->
<testsuite skipped="0" hostname="SCTL-BA-I3-16" name="com.KENCentral.qa.testcases.LoginPageTest" tests="2" failures="0" timestamp="13 Feb 2019 06:59:03 GMT" time="16.438" errors="0">
  <testcase name="getCurrentURL" time="7.160" classname="com.KENCentral.qa.testcases.LoginPageTest"/>
  <testcase name="loginTest" time="9.278" classname="com.KENCentral.qa.testcases.LoginPageTest"/>
</testsuite> <!-- com.KENCentral.qa.testcases.LoginPageTest -->
