<?xml version="1.0" encoding="UTF-8"?>
<!-- Generated by org.testng.reporters.JUnitReportReporter -->
<testsuite skipped="0" hostname="SCTL-BA-I3-16" name="com.KENCentral.qa.testcases.HomePageTest" tests="5" failures="0" timestamp="13 Feb 2019 06:59:03 GMT" time="100.156" errors="0">
  <testcase name="validateHomePagetitle" time="28.191" classname="com.KENCentral.qa.testcases.HomePageTest"/>
  <testcase name="getcurrentURL" time="18.006" classname="com.KENCentral.qa.testcases.HomePageTest"/>
  <testcase name="validateleftMenu" time="21.082" classname="com.KENCentral.qa.testcases.HomePageTest"/>
  <testcase name="validateheader" time="16.422" classname="com.KENCentral.qa.testcases.HomePageTest"/>
  <testcase name="ClickonUserlink" time="16.455" classname="com.KENCentral.qa.testcases.HomePageTest"/>
</testsuite> <!-- com.KENCentral.qa.testcases.HomePageTest -->
