<?xml version="1.0" encoding="UTF-8"?>
<!-- Generated by org.testng.reporters.JUnitReportReporter -->
<testsuite skipped="0" hostname="SCTL-BA-I3-16" name="com.KENCentral.qa.testcases.UserPageTest" tests="2" failures="0" timestamp="13 Feb 2019 06:50:12 GMT" time="143.415" errors="0">
  <testcase name="getcurrentUserPageUrl" time="18.123" classname="com.KENCentral.qa.testcases.UserPageTest"/>
  <testcase name="clickonaddUser" time="125.292" classname="com.KENCentral.qa.testcases.UserPageTest"/>
</testsuite> <!-- com.KENCentral.qa.testcases.UserPageTest -->
