<?xml version="1.0" encoding="UTF-8"?>
<!-- Generated by org.testng.reporters.JUnitReportReporter -->
<testsuite skipped="0" hostname="SCTL-BA-I3-16" name="com.KENCentral.qa.testcases.LoginPageTest" tests="2" failures="0" timestamp="13 Feb 2019 06:50:12 GMT" time="14.030" errors="0">
  <testcase name="getCurrentURL" time="6.403" classname="com.KENCentral.qa.testcases.LoginPageTest"/>
  <testcase name="loginTest" time="7.627" classname="com.KENCentral.qa.testcases.LoginPageTest"/>
</testsuite> <!-- com.KENCentral.qa.testcases.LoginPageTest -->
