<?xml version="1.0" encoding="UTF-8"?>
<!-- Generated by org.testng.reporters.JUnitReportReporter -->
<testsuite skipped="0" hostname="SCTL-BA-I3-16" name="com.KENCentral.qa.testcases.HomePageTest" tests="5" failures="0" timestamp="13 Feb 2019 06:50:12 GMT" time="98.688" errors="0">
  <testcase name="validateHomePagetitle" time="28.776" classname="com.KENCentral.qa.testcases.HomePageTest"/>
  <testcase name="getcurrentURL" time="20.099" classname="com.KENCentral.qa.testcases.HomePageTest"/>
  <testcase name="validateleftMenu" time="15.253" classname="com.KENCentral.qa.testcases.HomePageTest"/>
  <testcase name="validateheader" time="16.720" classname="com.KENCentral.qa.testcases.HomePageTest"/>
  <testcase name="ClickonUserlink" time="17.840" classname="com.KENCentral.qa.testcases.HomePageTest"/>
</testsuite> <!-- com.KENCentral.qa.testcases.HomePageTest -->
